<?xml version="1.0" encoding="UTF-8"?>
<!-- Generated by org.testng.reporters.JUnitReportReporter -->
<testsuite hostname="DESKTOP-L2Q1E1B" failures="0" tests="1" name="Demo.ZInterview.AppTest" time="0.000" errors="0" timestamp="2020-03-30T11:39:05 IST" skipped="0">
  <testcase classname="Demo.ZInterview.AppTest" name="shouldAnswerWithTrue" time="0.000"/>
</testsuite> <!-- Demo.ZInterview.AppTest -->
